<?xml version="1.0" encoding="UTF-8"?>
<!-- Generated by org.testng.reporters.JUnitXMLReporter -->
<testsuite hostname="DESKTOP-0D2FKSA" failures="1" tests="1" name="Test(failed)" time="36.93" errors="0" timestamp="30 Dec 2025 17:37:39 GMT">
  <testcase classname="testCases.TC002_LoginTest" name="verify_login" time="25.191">
    <failure type="java.lang.AssertionError" message="expected [true] but found [false]">
      <![CDATA[java.lang.AssertionError: expected [true] but found [false]
	at testCases.TC002_LoginTest.verify_login(TC002_LoginTest.java:36)
... Removed 29 stack frames]]>
    </failure>
  </testcase> <!-- verify_login -->
</testsuite> <!-- Test(failed) -->
