<?xml version="1.0" encoding="UTF-8"?>
<!-- Generated by org.testng.reporters.JUnitXMLReporter -->
<testsuite hostname="DESKTOP-0D2FKSA" failures="1" tests="2" name="Test" time="36.701" errors="0" timestamp="30 Dec 2025 17:35:00 GMT">
  <testcase classname="testCases.TC001_AccountRegistrationTest" name="verify_account_registration" time="10.099"/>
  <testcase classname="testCases.TC002_LoginTest" name="verify_login" time="10.949">
    <failure type="java.lang.AssertionError" message="expected [true] but found [false]">
      <![CDATA[java.lang.AssertionError: expected [true] but found [false]
	at testCases.TC002_LoginTest.verify_login(TC002_LoginTest.java:36)
... Removed 29 stack frames]]>
    </failure>
  </testcase> <!-- verify_login -->
</testsuite> <!-- Test -->
